<?xml version="1.0" encoding="UTF-8"?>
<!-- Generated by org.testng.reporters.JUnitReportReporter -->
<testsuite hostname="DESKTOP-LJNAPK9" failures="0" tests="5" name="tests.BusBookingTest" time="240.379" errors="0" timestamp="2025-08-12T12:56:41 IST" skipped="0">
  <testcase classname="tests.BusBookingTest" name="busTicketBookingFlow" time="56.794"/>
  <testcase classname="tests.BusBookingTest" name="busTicketBookingFlow" time="51.364"/>
  <testcase classname="tests.BusBookingTest" name="busTicketBookingFlow" time="50.694"/>
  <testcase classname="tests.BusBookingTest" name="busTicketBookingFlow" time="27.746"/>
  <testcase classname="tests.BusBookingTest" name="busTicketBookingFlow" time="53.781"/>
</testsuite> <!-- tests.BusBookingTest -->
