<?xml version="1.0" encoding="UTF-8"?>
<!-- Generated by org.testng.reporters.JUnitReportReporter -->
<testsuite hostname="DESKTOP-LJNAPK9" failures="0" tests="5" name="tests.BusBookingTest" time="248.365" errors="0" timestamp="2025-08-11T14:28:07 IST" skipped="0">
  <testcase classname="tests.BusBookingTest" name="busTicketBookingFlow" time="33.474"/>
  <testcase classname="tests.BusBookingTest" name="busTicketBookingFlow" time="59.727"/>
  <testcase classname="tests.BusBookingTest" name="busTicketBookingFlow" time="62.020"/>
  <testcase classname="tests.BusBookingTest" name="busTicketBookingFlow" time="58.438"/>
  <testcase classname="tests.BusBookingTest" name="busTicketBookingFlow" time="34.706"/>
</testsuite> <!-- tests.BusBookingTest -->
