<?xml version="1.0" encoding="UTF-8"?>
<!-- Generated by org.testng.reporters.JUnitReportReporter -->
<testsuite hostname="DESKTOP-LJNAPK9" failures="0" tests="5" name="tests.BusBookingTest" time="251.378" errors="0" timestamp="2025-08-11T13:11:58 IST" skipped="0">
  <testcase classname="tests.BusBookingTest" name="busTicketBookingFlow" time="53.081"/>
  <testcase classname="tests.BusBookingTest" name="busTicketBookingFlow" time="51.487"/>
  <testcase classname="tests.BusBookingTest" name="busTicketBookingFlow" time="50.030"/>
  <testcase classname="tests.BusBookingTest" name="busTicketBookingFlow" time="47.629"/>
  <testcase classname="tests.BusBookingTest" name="busTicketBookingFlow" time="49.151"/>
</testsuite> <!-- tests.BusBookingTest -->
