<?xml version="1.0" encoding="UTF-8"?>
<!-- Generated by org.testng.reporters.JUnitReportReporter -->
<testsuite hostname="DESKTOP-LJNAPK9" failures="0" tests="9" name="tests.BusBookingTest" time="32.913" errors="0" timestamp="2025-08-07T16:53:20 IST" skipped="0">
  <testcase classname="tests.BusBookingTest" name="verifyBusTitleHeading" time="1.592"/>
  <testcase classname="tests.BusBookingTest" name="selectAvailableSeat" time="1.766"/>
  <testcase classname="tests.BusBookingTest" name="selectDroppingPoint" time="0.189"/>
  <testcase classname="tests.BusBookingTest" name="clickSelectSeatsButton" time="0.444"/>
  <testcase classname="tests.BusBookingTest" name="verifyPaymentDetails" time="10.600"/>
  <testcase classname="tests.BusBookingTest" name="selectBoardingPoint" time="0.290"/>
  <testcase classname="tests.BusBookingTest" name="clickContinueButton" time="9.601"/>
  <testcase classname="tests.BusBookingTest" name="fillCompleteBookingDetails" time="2.072"/>
  <testcase classname="tests.BusBookingTest" name="setupBusBooking" time="6.359"/>
</testsuite> <!-- tests.BusBookingTest -->
